0 info it worked if it ends with ok
1 verbose cli [ 'D:\\babun\\.babun\\cygwin\\opt\\nodejs\\bin\\node.exe',
1 verbose cli   'D:\\babun\\.babun\\cygwin\\opt\\nodejs\\bin\\node_modules\\npm\\bin\\npm-cli',
1 verbose cli   'start' ]
2 info using npm@1.4.9
3 info using node@v0.12.0
4 verbose run-script [ 'prestart', 'start', 'poststart' ]
5 info prestart erm-server@0.0.0
6 info start erm-server@0.0.0
7 verbose unsafe-perm in lifecycle true
8 info erm-server@0.0.0 Failed to exec start script
9 error erm-server@0.0.0 start: `node app.js`
9 error Exit status 1
10 error Failed at the erm-server@0.0.0 start script.
10 error This is most likely a problem with the erm-server package,
10 error not with npm itself.
10 error Tell the author that this fails on your system:
10 error     node app.js
10 error You can get their info via:
10 error     npm owner ls erm-server
10 error There is likely additional logging output above.
11 error System Windows_NT 6.1.7601
12 error command "D:\\babun\\.babun\\cygwin\\opt\\nodejs\\bin\\node.exe" "D:\\babun\\.babun\\cygwin\\opt\\nodejs\\bin\\node_modules\\npm\\bin\\npm-cli" "start"
13 error cwd D:\babun\.babun\cygwin\home\jeromewu\git\erm-server
14 error node -v v0.12.0
15 error npm -v 1.4.9
16 error code ELIFECYCLE
17 verbose exit [ 1, true ]
